<?xml version="1.0" encoding="UTF-8"?>
<!-- Generated by org.testng.reporters.JUnitReportReporter -->
<testsuite hostname="Kailas" name="org.com.runner.TestRunner" tests="10" failures="0" timestamp="23 Feb 2022 08:35:17 GMT" time="160.895" errors="1">
  <testcase name="scenario" time="9.097" classname="org.com.runner.TestRunner"/>
  <testcase name="scenario" time="13.750" classname="org.com.runner.TestRunner"/>
  <testcase name="scenario" time="47.081" classname="org.com.runner.TestRunner">
    <error type="java.lang.NullPointerException">
      <![CDATA[java.lang.NullPointerException
	at org.com.step.AccessibilityTesting_Step.findPassedItems(AccessibilityTesting_Step.java:36)
	at ✽.find and print the number of passed items at "SomeotherSites1"(file:///F:/SiteOne/AccessibilityTest/src/main/resources/featureFiles/AccessibilityTesting.feature:37)
]]>
    </error>
  </testcase> <!-- scenario -->
  <testcase name="scenario" time="15.892" classname="org.com.runner.TestRunner"/>
  <testcase name="scenario" time="14.532" classname="org.com.runner.TestRunner"/>
  <testcase name="scenario" time="11.018" classname="org.com.runner.TestRunner"/>
  <testcase name="scenario" time="15.281" classname="org.com.runner.TestRunner"/>
  <testcase name="scenario" time="10.251" classname="org.com.runner.TestRunner"/>
  <testcase name="scenario" time="11.102" classname="org.com.runner.TestRunner"/>
  <testcase name="scenario" time="12.891" classname="org.com.runner.TestRunner"/>
</testsuite> <!-- org.com.runner.TestRunner -->
