<?xml version="1.0" encoding="UTF-8"?>
<!-- Generated by org.testng.reporters.JUnitXMLReporter -->
<testsuite hostname="Kailas" name="Test" tests="10" failures="1" timestamp="23 Feb 2022 08:35:17 GMT" time="162.285" errors="0">
  <testcase name="&quot;TC01-PrintResultsOfWebContentAccessibilityGuidelines&quot;" time="15.892" classname="org.com.runner.TestRunner"/>
  <testcase name="&quot;TC01-PrintResultsOfWebContentAccessibilityGuidelines&quot;" time="13.75" classname="org.com.runner.TestRunner"/>
  <testcase name="&quot;TC01-PrintResultsOfWebContentAccessibilityGuidelines&quot;" time="12.891" classname="org.com.runner.TestRunner"/>
  <testcase name="&quot;TC01-PrintResultsOfWebContentAccessibilityGuidelines&quot;" time="14.532" classname="org.com.runner.TestRunner"/>
  <testcase name="&quot;TC01-PrintResultsOfWebContentAccessibilityGuidelines&quot;" time="15.281" classname="org.com.runner.TestRunner"/>
  <testcase name="&quot;TC03-PrintResultsOfWebContentAccessibilityGuidelines&quot;" time="47.081" classname="org.com.runner.TestRunner">
    <failure type="java.lang.NullPointerException">
      <![CDATA[java.lang.NullPointerException
	at org.com.step.AccessibilityTesting_Step.findPassedItems(AccessibilityTesting_Step.java:36)
	at ✽.find and print the number of passed items at "SomeotherSites1"(file:///F:/SiteOne/AccessibilityTest/src/main/resources/featureFiles/AccessibilityTesting.feature:37)
]]>
    </failure>
  </testcase> <!-- "TC03-PrintResultsOfWebContentAccessibilityGuidelines" -->
  <testcase name="&quot;TC03-PrintResultsOfWebContentAccessibilityGuidelines&quot;" time="11.018" classname="org.com.runner.TestRunner"/>
  <testcase name="&quot;TC03-PrintResultsOfWebContentAccessibilityGuidelines&quot;" time="9.093" classname="org.com.runner.TestRunner"/>
  <testcase name="&quot;TC03-PrintResultsOfWebContentAccessibilityGuidelines&quot;" time="10.251" classname="org.com.runner.TestRunner"/>
  <testcase name="&quot;TC03-PrintResultsOfWebContentAccessibilityGuidelines&quot;" time="11.102" classname="org.com.runner.TestRunner"/>
</testsuite> <!-- Test -->
