<?xml version="1.0" encoding="UTF-8"?>
<!-- Generated by org.testng.reporters.JUnitXMLReporter -->
<testsuite hostname="LAP-KAILAS" name="Default test" tests="3" failures="0" timestamp="1 Feb 2022 12:46:44 GMT" time="64.758" errors="0">
  <testcase name="&quot;TC01-PrintResultsOfWebContentAccessibilityGuidelines&quot;" time="27.966" classname="org.com.runner.TestRunner"/>
  <testcase name="&quot;TC01-PrintResultsOfWebContentAccessibilityGuidelines&quot;" time="21.722" classname="org.com.runner.TestRunner"/>
  <testcase name="&quot;TC02-PrintResultsOfWebContentAccessibilityGuidelines&quot;" time="13.605" classname="org.com.runner.TestRunner"/>
</testsuite> <!-- Default test -->
