<?xml version="1.0" encoding="UTF-8"?>
<!-- Generated by org.testng.reporters.JUnitXMLReporter -->
<testsuite ignored="2" hostname="DESKTOP-QNHQCGN" failures="0" tests="1" name="Page Object Model Project" time="0.036" errors="0" timestamp="27 Sep 2021 19:44:12 GMT">
  <testcase classname="org.com.runner.TestRunner" name="@BeforeSuite initialize" time="0.017">
    <failure type="java.lang.NullPointerException">
      <![CDATA[java.lang.NullPointerException
at java.base/java.util.concurrent.ConcurrentHashMap.putVal(ConcurrentHashMap.java:1011)
at java.base/java.util.concurrent.ConcurrentHashMap.put(ConcurrentHashMap.java:1006)
at java.base/java.util.Properties.put(Properties.java:1334)
at java.base/java.util.Properties.setProperty(Properties.java:229)
at java.base/java.lang.System.setProperty(System.java:929)
at org.com.runner.TestRunner.initialize(TestRunner.java:18)
... Removed 20 stack frames]]>
    </failure>
  </testcase> <!-- @BeforeSuite initialize -->
  <testcase classname="org.com.runner.FirstTest" name="init" time="0.0">
    <skipped/>
  </testcase> <!-- init -->
  <testcase classname="org.com.runner.TestRunner" name="@BeforeSuite initialize" time="0.0">
    <ignored/>
  </testcase> <!-- @BeforeSuite initialize -->
  <testcase classname="org.com.runner.TestRunner" name="@AfterSuite TeardownTest" time="0.0">
    <ignored/>
  </testcase> <!-- @AfterSuite TeardownTest -->
</testsuite> <!-- Page Object Model Project -->
